Power Iteration  1
Gauss-Seidel Iteration:  1
Starting Group  0
Within-Group Iteration:  1
Norm:  1.252221443080789
Within-Group Iteration:  2
Norm:  0.0002860267587213417
Within-Group Iteration:  3
Norm:  6.9079204930026385e-09
Finished Group  0
Number of Within-Group Iterations:  4
Final Phi Norm:  6.9079204930026385e-09
Starting Group  1
Within-Group Iteration:  1
Norm:  1.1314446838978682
Within-Group Iteration:  2
Norm:  0.0036460405139862066
Within-Group Iteration:  3
Norm:  3.815164532119558e-06
Within-Group Iteration:  4
Norm:  3.898694419498849e-09
Finished Group  1
Number of Within-Group Iterations:  5
Final Phi Norm:  3.898694419498849e-09
Starting Group  2
Within-Group Iteration:  1
Norm:  0.5243827552959965
Within-Group Iteration:  2
Norm:  0.006330388034970101
Within-Group Iteration:  3
Norm:  1.691744735503688e-06
Within-Group Iteration:  4
Norm:  2.599189486272056e-10
Finished Group  2
Number of Within-Group Iterations:  5
Final Phi Norm:  2.599189486272056e-10
Starting Group  3
Within-Group Iteration:  1
Norm:  0.2758035654526579
Within-Group Iteration:  2
Norm:  0.002207879873560363
Within-Group Iteration:  3
Norm:  2.0565676442900028e-08
Within-Group Iteration:  4
Norm:  3.029992102568312e-13
Finished Group  3
Number of Within-Group Iterations:  5
Final Phi Norm:  3.029992102568312e-13
Starting Group  4
Within-Group Iteration:  1
Norm:  0.4358764962121193
Within-Group Iteration:  2
Norm:  0.0005823653259001191
Within-Group Iteration:  3
Norm:  3.491182733584341e-07
Within-Group Iteration:  4
Norm:  2.0876272471626808e-10
Finished Group  4
Number of Within-Group Iterations:  5
Final Phi Norm:  2.0876272471626808e-10
Starting Group  5
Within-Group Iteration:  1
Norm:  0.626665906095896
Within-Group Iteration:  2
Norm:  0.0011916229070659575
Within-Group Iteration:  3
Norm:  1.533818822708947e-06
Within-Group Iteration:  4
Norm:  1.9762576576593955e-09
Finished Group  5
Number of Within-Group Iterations:  5
Final Phi Norm:  1.9762576576593955e-09
Starting Group  6
Within-Group Iteration:  1
Norm:  0.2799031473665812
Within-Group Iteration:  2
Norm:  0.003980966574218917
Within-Group Iteration:  3
Norm:  2.8612432191876132e-05
Within-Group Iteration:  4
Norm:  2.0797324946106442e-07
Within-Group Iteration:  5
Norm:  1.51156224206242e-09
Finished Group  6
Number of Within-Group Iterations:  6
Final Phi Norm:  1.51156224206242e-09
Calculating Upscatter Acceleration Term
GS Norm:  0.8562947985367108
Gauss-Seidel Iteration:  2
Starting Group  0
Within-Group Iteration:  1
Norm:  1.252221443080789
Within-Group Iteration:  2
Norm:  0.0002860267587213417
Within-Group Iteration:  3
Norm:  6.9079204930026385e-09
Finished Group  0
Number of Within-Group Iterations:  4
Final Phi Norm:  6.9079204930026385e-09
Starting Group  1
Within-Group Iteration:  1
Norm:  1.1314446838978682
Within-Group Iteration:  2
Norm:  0.0036460405139862066
Within-Group Iteration:  3
Norm:  3.815164532119558e-06
Within-Group Iteration:  4
Norm:  3.898694419498849e-09
Finished Group  1
Number of Within-Group Iterations:  5
Final Phi Norm:  3.898694419498849e-09
Starting Group  2
Within-Group Iteration:  1
Norm:  0.5243827552959965
Within-Group Iteration:  2
Norm:  0.006330388034970101
Within-Group Iteration:  3
Norm:  1.691744735503688e-06
Within-Group Iteration:  4
Norm:  2.599189486272056e-10
Finished Group  2
Number of Within-Group Iterations:  5
Final Phi Norm:  2.599189486272056e-10
Starting Group  3
Within-Group Iteration:  1
Norm:  0.2674981704328249
Within-Group Iteration:  2
Norm:  0.002238050283164853
Within-Group Iteration:  3
Norm:  4.6780125905207766e-07
Within-Group Iteration:  4
Norm:  1.0980941612335055e-10
Finished Group  3
Number of Within-Group Iterations:  5
Final Phi Norm:  1.0980941612335055e-10
Starting Group  4
Within-Group Iteration:  1
Norm:  0.2036471895295122
Within-Group Iteration:  2
Norm:  0.0012121891598467157
Within-Group Iteration:  3
Norm:  1.0287134326018824e-06
Within-Group Iteration:  4
Norm:  8.721238929719747e-10
Finished Group  4
Number of Within-Group Iterations:  5
Final Phi Norm:  8.721238929719747e-10
Starting Group  5
Within-Group Iteration:  1
Norm:  0.23816942524201978
Within-Group Iteration:  2
Norm:  0.002303124241676084
Within-Group Iteration:  3
Norm:  3.7270346736257316e-06
Within-Group Iteration:  4
Norm:  6.134636939354947e-09
Finished Group  5
Number of Within-Group Iterations:  5
Final Phi Norm:  6.134636939354947e-09
Starting Group  6
Within-Group Iteration:  1
Norm:  0.15451447766456566
Within-Group Iteration:  2
Norm:  0.0033801474132332306
Within-Group Iteration:  3
Norm:  2.2004241175178618e-05
Within-Group Iteration:  4
Norm:  1.4294295391189778e-07
Within-Group Iteration:  5
Norm:  9.285960511611435e-10
Finished Group  6
Number of Within-Group Iterations:  6
Final Phi Norm:  9.285960511611435e-10
Calculating Upscatter Acceleration Term
GS Norm:  0.01926009330745253
Gauss-Seidel Iteration:  3
Starting Group  0
Within-Group Iteration:  1
Norm:  1.252221443080789
Within-Group Iteration:  2
Norm:  0.0002860267587213417
Within-Group Iteration:  3
Norm:  6.9079204930026385e-09
Finished Group  0
Number of Within-Group Iterations:  4
Final Phi Norm:  6.9079204930026385e-09
Starting Group  1
Within-Group Iteration:  1
Norm:  1.1314446838978682
Within-Group Iteration:  2
Norm:  0.0036460405139862066
Within-Group Iteration:  3
Norm:  3.815164532119558e-06
Within-Group Iteration:  4
Norm:  3.898694419498849e-09
Finished Group  1
Number of Within-Group Iterations:  5
Final Phi Norm:  3.898694419498849e-09
Starting Group  2
Within-Group Iteration:  1
Norm:  0.5243827552959965
Within-Group Iteration:  2
Norm:  0.006330388034970101
Within-Group Iteration:  3
Norm:  1.691744735503688e-06
Within-Group Iteration:  4
Norm:  2.599189486272056e-10
Finished Group  2
Number of Within-Group Iterations:  5
Final Phi Norm:  2.599189486272056e-10
Starting Group  3
Within-Group Iteration:  1
Norm:  0.267776502695363
Within-Group Iteration:  2
Norm:  0.002258699669459061
Within-Group Iteration:  3
Norm:  6.056123005970498e-07
Within-Group Iteration:  4
Norm:  1.7809499754932388e-10
Finished Group  3
Number of Within-Group Iterations:  5
Final Phi Norm:  1.7809499754932388e-10
Starting Group  4
Within-Group Iteration:  1
Norm:  0.15150437237136982
Within-Group Iteration:  2
Norm:  0.0016774257616352605
Within-Group Iteration:  3
Norm:  1.7794734956879025e-06
Within-Group Iteration:  4
Norm:  1.893243368224461e-09
Finished Group  4
Number of Within-Group Iterations:  5
Final Phi Norm:  1.893243368224461e-09
Starting Group  5
Within-Group Iteration:  1
Norm:  0.153611177289919
Within-Group Iteration:  2
Norm:  0.002655170436925116
Within-Group Iteration:  3
Norm:  7.322019022261478e-06
Within-Group Iteration:  4
Norm:  2.0295137273765245e-08
Within-Group Iteration:  5
Norm:  5.625304663323559e-11
Finished Group  5
Number of Within-Group Iterations:  6
Final Phi Norm:  5.625304663323559e-11
Starting Group  6
Within-Group Iteration:  1
Norm:  0.12604903597651324
Within-Group Iteration:  2
Norm:  0.0036955691255237014
Within-Group Iteration:  3
Norm:  1.9585127420889618e-05
Within-Group Iteration:  4
Norm:  1.0385460761345309e-07
Within-Group Iteration:  5
Norm:  5.50713647255365e-10
Finished Group  6
Number of Within-Group Iterations:  6
Final Phi Norm:  5.50713647255365e-10
Calculating Upscatter Acceleration Term
GS Norm:  0.0008101687554354556
Gauss-Seidel Iteration:  4
Starting Group  0
Within-Group Iteration:  1
Norm:  1.252221443080789
Within-Group Iteration:  2
Norm:  0.0002860267587213417
Within-Group Iteration:  3
Norm:  6.9079204930026385e-09
Finished Group  0
Number of Within-Group Iterations:  4
Final Phi Norm:  6.9079204930026385e-09
Starting Group  1
Within-Group Iteration:  1
Norm:  1.1314446838978682
Within-Group Iteration:  2
Norm:  0.0036460405139862066
Within-Group Iteration:  3
Norm:  3.815164532119558e-06
Within-Group Iteration:  4
Norm:  3.898694419498849e-09
Finished Group  1
Number of Within-Group Iterations:  5
Final Phi Norm:  3.898694419498849e-09
Starting Group  2
Within-Group Iteration:  1
Norm:  0.5243827552959965
Within-Group Iteration:  2
Norm:  0.006330388034970101
Within-Group Iteration:  3
Norm:  1.691744735503688e-06
Within-Group Iteration:  4
Norm:  2.599189486272056e-10
Finished Group  2
Number of Within-Group Iterations:  5
Final Phi Norm:  2.599189486272056e-10
Starting Group  3
Within-Group Iteration:  1
Norm:  0.26772206404958204
Within-Group Iteration:  2
Norm:  0.0022590962659965897
Within-Group Iteration:  3
Norm:  6.082414335116769e-07
Within-Group Iteration:  4
Norm:  1.795591724718376e-10
Finished Group  3
Number of Within-Group Iterations:  5
Final Phi Norm:  1.795591724718376e-10
Starting Group  4
Within-Group Iteration:  1
Norm:  0.1517588427412432
Within-Group Iteration:  2
Norm:  0.0017308489715083953
Within-Group Iteration:  3
Norm:  2.1741360756119345e-06
Within-Group Iteration:  4
Norm:  2.735354324193888e-09
Finished Group  4
Number of Within-Group Iterations:  5
Final Phi Norm:  2.735354324193888e-09
Starting Group  5
Within-Group Iteration:  1
Norm:  0.15506852923780973
Within-Group Iteration:  2
Norm:  0.002756984323214671
Within-Group Iteration:  3
Norm:  9.196150801666366e-06
Within-Group Iteration:  4
Norm:  3.076664502271172e-08
Within-Group Iteration:  5
Norm:  1.0293209869382573e-10
Finished Group  5
Number of Within-Group Iterations:  6
Final Phi Norm:  1.0293209869382573e-10
Starting Group  6
Within-Group Iteration:  1
Norm:  0.126676092163899
Within-Group Iteration:  2
Norm:  0.0037278043144834275
Within-Group Iteration:  3
Norm:  2.0280436628211165e-05
Within-Group Iteration:  4
Norm:  1.1038134638133369e-07
Within-Group Iteration:  5
Norm:  6.007793942979014e-10
Finished Group  6
Number of Within-Group Iterations:  6
Final Phi Norm:  6.007793942979014e-10
Calculating Upscatter Acceleration Term
GS Norm:  2.1525561732299732e-05
Gauss-Seidel Iteration:  5
Starting Group  0
Within-Group Iteration:  1
Norm:  1.252221443080789
Within-Group Iteration:  2
Norm:  0.0002860267587213417
Within-Group Iteration:  3
Norm:  6.9079204930026385e-09
Finished Group  0
Number of Within-Group Iterations:  4
Final Phi Norm:  6.9079204930026385e-09
Starting Group  1
Within-Group Iteration:  1
Norm:  1.1314446838978682
Within-Group Iteration:  2
Norm:  0.0036460405139862066
Within-Group Iteration:  3
Norm:  3.815164532119558e-06
Within-Group Iteration:  4
Norm:  3.898694419498849e-09
Finished Group  1
Number of Within-Group Iterations:  5
Final Phi Norm:  3.898694419498849e-09
Starting Group  2
Within-Group Iteration:  1
Norm:  0.5243827552959965
Within-Group Iteration:  2
Norm:  0.006330388034970101
Within-Group Iteration:  3
Norm:  1.691744735503688e-06
Within-Group Iteration:  4
Norm:  2.599189486272056e-10
Finished Group  2
Number of Within-Group Iterations:  5
Final Phi Norm:  2.599189486272056e-10
Starting Group  3
Within-Group Iteration:  1
Norm:  0.2677226661126029
Within-Group Iteration:  2
Norm:  0.0022591037315252316
Within-Group Iteration:  3
Norm:  6.0835024163994e-07
Within-Group Iteration:  4
Norm:  1.7961997126291226e-10
Finished Group  3
Number of Within-Group Iterations:  5
Final Phi Norm:  1.7961997126291226e-10
Starting Group  4
Within-Group Iteration:  1
Norm:  0.15180319918781637
Within-Group Iteration:  2
Norm:  0.0017310150079051128
Within-Group Iteration:  3
Norm:  2.177555601480883e-06
Within-Group Iteration:  4
Norm:  2.7436233305175928e-09
Finished Group  4
Number of Within-Group Iterations:  5
Final Phi Norm:  2.7436233305175928e-09
Starting Group  5
Within-Group Iteration:  1
Norm:  0.1551545434555423
Within-Group Iteration:  2
Norm:  0.002755245343632723
Within-Group Iteration:  3
Norm:  9.18222009327922e-06
Within-Group Iteration:  4
Norm:  3.069199764743358e-08
Within-Group Iteration:  5
Norm:  1.0258861308304348e-10
Finished Group  5
Number of Within-Group Iterations:  6
Final Phi Norm:  1.0258861308304348e-10
Starting Group  6
Within-Group Iteration:  1
Norm:  0.12669385954372953
Within-Group Iteration:  2
Norm:  0.0037269152836908142
Within-Group Iteration:  3
Norm:  2.0282757874862497e-05
Within-Group Iteration:  4
Norm:  1.1043173248613039e-07
Within-Group Iteration:  5
Norm:  6.012594802289594e-10
Finished Group  6
Number of Within-Group Iterations:  6
Final Phi Norm:  6.012594802289594e-10
Calculating Upscatter Acceleration Term
GS Norm:  8.718446035169619e-07
PI Norm:  6468.2551202731265
Power Iteration  2
Gauss-Seidel Iteration:  1
Starting Group  0
Within-Group Iteration:  1
Norm:  1.252221443080789
Within-Group Iteration:  2
Norm:  0.0002860267587213417
Within-Group Iteration:  3
Norm:  6.9079204930026385e-09
Finished Group  0
Number of Within-Group Iterations:  4
Final Phi Norm:  6.9079204930026385e-09
Starting Group  1
Within-Group Iteration:  1
Norm:  1.1314446838978682
Within-Group Iteration:  2
Norm:  0.0036460405139862066
Within-Group Iteration:  3
Norm:  3.815164532119558e-06
Within-Group Iteration:  4
Norm:  3.898694419498849e-09
Finished Group  1
Number of Within-Group Iterations:  5
Final Phi Norm:  3.898694419498849e-09
Starting Group  2
Within-Group Iteration:  1
Norm:  0.5243827552959965
Within-Group Iteration:  2
Norm:  0.006330388034970101
Within-Group Iteration:  3
Norm:  1.691744735503688e-06
Within-Group Iteration:  4
Norm:  2.599189486272056e-10
Finished Group  2
Number of Within-Group Iterations:  5
Final Phi Norm:  2.599189486272056e-10
Starting Group  3
Within-Group Iteration:  1
Norm:  0.2679071872477744
Within-Group Iteration:  2
Norm:  0.00226589519565642
Within-Group Iteration:  3
Norm:  6.406495264501033e-07
Within-Group Iteration:  4
Norm:  1.97828298377252e-10
Finished Group  3
Number of Within-Group Iterations:  5
Final Phi Norm:  1.97828298377252e-10
Starting Group  4
Within-Group Iteration:  1
Norm:  0.14861769165563604
Within-Group Iteration:  2
Norm:  0.0019492435390445536
Within-Group Iteration:  3
Norm:  3.4883522301374816e-06
Within-Group Iteration:  4
Norm:  6.239592040465334e-09
Finished Group  4
Number of Within-Group Iterations:  5
Final Phi Norm:  6.239592040465334e-09
Starting Group  5
Within-Group Iteration:  1
Norm:  0.14842284397516098
Within-Group Iteration:  2
Norm:  0.0033314971342294627
Within-Group Iteration:  3
Norm:  1.7271715609574837e-05
Within-Group Iteration:  4
Norm:  8.948349872756152e-08
Within-Group Iteration:  5
Norm:  4.6361081201048435e-10
Finished Group  5
Number of Within-Group Iterations:  6
Final Phi Norm:  4.6361081201048435e-10
Starting Group  6
Within-Group Iteration:  1
Norm:  0.12329110870044781
Within-Group Iteration:  2
Norm:  0.0042223109689301245
Within-Group Iteration:  3
Norm:  2.850837991284468e-05
Within-Group Iteration:  4
Norm:  1.9241125597781959e-07
Within-Group Iteration:  5
Norm:  1.298650879968957e-09
Finished Group  6
Number of Within-Group Iterations:  6
Final Phi Norm:  1.298650879968957e-09
Calculating Upscatter Acceleration Term
GS Norm:  6.428681708010321
Gauss-Seidel Iteration:  2
Starting Group  0
Within-Group Iteration:  1
Norm:  1.252221443080789
Within-Group Iteration:  2
Norm:  0.0002860267587213417
Within-Group Iteration:  3
Norm:  6.9079204930026385e-09
Finished Group  0
Number of Within-Group Iterations:  4
Final Phi Norm:  6.9079204930026385e-09
Starting Group  1
Within-Group Iteration:  1
Norm:  1.1314446838978682
Within-Group Iteration:  2
Norm:  0.0036460405139862066
Within-Group Iteration:  3
Norm:  3.815164532119558e-06
Within-Group Iteration:  4
Norm:  3.898694419498849e-09
Finished Group  1
Number of Within-Group Iterations:  5
Final Phi Norm:  3.898694419498849e-09
Starting Group  2
Within-Group Iteration:  1
Norm:  0.5243827552959965
Within-Group Iteration:  2
Norm:  0.006330388034970101
Within-Group Iteration:  3
Norm:  1.691744735503688e-06
Within-Group Iteration:  4
Norm:  2.599189486272056e-10
Finished Group  2
Number of Within-Group Iterations:  5
Final Phi Norm:  2.599189486272056e-10
Starting Group  3
Within-Group Iteration:  1
Norm:  0.2678279104333195
Within-Group Iteration:  2
Norm:  0.00225908504266577
Within-Group Iteration:  3
Norm:  6.100719599697107e-07
Within-Group Iteration:  4
Norm:  1.8058603204105096e-10
Finished Group  3
Number of Within-Group Iterations:  5
Final Phi Norm:  1.8058603204105096e-10
Starting Group  4
Within-Group Iteration:  1
Norm:  0.1559744330303556
Within-Group Iteration:  2
Norm:  0.0017208656985492068
Within-Group Iteration:  3
Norm:  2.1749441356357425e-06
Within-Group Iteration:  4
Norm:  2.7524642900061378e-09
Finished Group  4
Number of Within-Group Iterations:  5
Final Phi Norm:  2.7524642900061378e-09
Starting Group  5
Within-Group Iteration:  1
Norm:  0.16742685713661326
Within-Group Iteration:  2
Norm:  0.002564122539036965
Within-Group Iteration:  3
Norm:  8.402723726308314e-06
Within-Group Iteration:  4
Norm:  2.762372436083779e-08
Within-Group Iteration:  5
Norm:  9.081143704011577e-11
Finished Group  5
Number of Within-Group Iterations:  6
Final Phi Norm:  9.081143704011577e-11
Starting Group  6
Within-Group Iteration:  1
Norm:  0.13039348518314034
Within-Group Iteration:  2
Norm:  0.003663085110940775
Within-Group Iteration:  3
Norm:  2.0410969100723463e-05
Within-Group Iteration:  4
Norm:  1.1376291971121424e-07
Within-Group Iteration:  5
Norm:  6.340728103909081e-10
Finished Group  6
Number of Within-Group Iterations:  6
Final Phi Norm:  6.340728103909081e-10
Calculating Upscatter Acceleration Term
GS Norm:  0.0020149677910016512
Gauss-Seidel Iteration:  3
Starting Group  0
Within-Group Iteration:  1
Norm:  1.252221443080789
Within-Group Iteration:  2
Norm:  0.0002860267587213417
Within-Group Iteration:  3
Norm:  6.9079204930026385e-09
Finished Group  0
Number of Within-Group Iterations:  4
Final Phi Norm:  6.9079204930026385e-09
Starting Group  1
Within-Group Iteration:  1
Norm:  1.1314446838978682
Within-Group Iteration:  2
Norm:  0.0036460405139862066
Within-Group Iteration:  3
Norm:  3.815164532119558e-06
Within-Group Iteration:  4
Norm:  3.898694419498849e-09
Finished Group  1
Number of Within-Group Iterations:  5
Final Phi Norm:  3.898694419498849e-09
Starting Group  2
Within-Group Iteration:  1
Norm:  0.5243827552959965
Within-Group Iteration:  2
Norm:  0.006330388034970101
Within-Group Iteration:  3
Norm:  1.691744735503688e-06
Within-Group Iteration:  4
Norm:  2.599189486272056e-10
Finished Group  2
Number of Within-Group Iterations:  5
Final Phi Norm:  2.599189486272056e-10
Starting Group  3
Within-Group Iteration:  1
Norm:  0.2677206876167286
Within-Group Iteration:  2
Norm:  0.002259065170727029
Within-Group Iteration:  3
Norm:  6.081383734363982e-07
Within-Group Iteration:  4
Norm:  1.7950275352488354e-10
Finished Group  3
Number of Within-Group Iterations:  5
Final Phi Norm:  1.7950275352488354e-10
Starting Group  4
Within-Group Iteration:  1
Norm:  0.15175645446370653
Within-Group Iteration:  2
Norm:  0.0017284991774111458
Within-Group Iteration:  3
Norm:  2.164408635413698e-06
Within-Group Iteration:  4
Norm:  2.714562243813053e-09
Finished Group  4
Number of Within-Group Iterations:  5
Final Phi Norm:  2.714562243813053e-09
Starting Group  5
Within-Group Iteration:  1
Norm:  0.15474198720612498
Within-Group Iteration:  2
Norm:  0.0027599096210494303
Within-Group Iteration:  3
Norm:  9.146972937466151e-06
Within-Group Iteration:  4
Norm:  3.0404220207651804e-08
Within-Group Iteration:  5
Norm:  1.0106169012884388e-10
Finished Group  5
Number of Within-Group Iterations:  6
Final Phi Norm:  1.0106169012884388e-10
Starting Group  6
Within-Group Iteration:  1
Norm:  0.12656686028892927
Within-Group Iteration:  2
Norm:  0.003728841914508482
Within-Group Iteration:  3
Norm:  2.0283266595216672e-05
Within-Group Iteration:  4
Norm:  1.1037719760503955e-07
Within-Group Iteration:  5
Norm:  6.006500777194901e-10
Finished Group  6
Number of Within-Group Iterations:  6
Final Phi Norm:  6.006500777194901e-10
Calculating Upscatter Acceleration Term
GS Norm:  8.956866447052935e-05
Gauss-Seidel Iteration:  4
Starting Group  0
Within-Group Iteration:  1
Norm:  1.252221443080789
Within-Group Iteration:  2
Norm:  0.0002860267587213417
Within-Group Iteration:  3
Norm:  6.9079204930026385e-09
Finished Group  0
Number of Within-Group Iterations:  4
Final Phi Norm:  6.9079204930026385e-09
Starting Group  1
Within-Group Iteration:  1
Norm:  1.1314446838978682
Within-Group Iteration:  2
Norm:  0.0036460405139862066
Within-Group Iteration:  3
Norm:  3.815164532119558e-06
Within-Group Iteration:  4
Norm:  3.898694419498849e-09
Finished Group  1
Number of Within-Group Iterations:  5
Final Phi Norm:  3.898694419498849e-09
Starting Group  2
Within-Group Iteration:  1
Norm:  0.5243827552959965
Within-Group Iteration:  2
Norm:  0.006330388034970101
Within-Group Iteration:  3
Norm:  1.691744735503688e-06
Within-Group Iteration:  4
Norm:  2.599189486272056e-10
Finished Group  2
Number of Within-Group Iterations:  5
Final Phi Norm:  2.599189486272056e-10
Starting Group  3
Within-Group Iteration:  1
Norm:  0.2677228720283274
Within-Group Iteration:  2
Norm:  0.002259104415891188
Within-Group Iteration:  3
Norm:  6.083449970679115e-07
Within-Group Iteration:  4
Norm:  1.7961700506040452e-10
Finished Group  3
Number of Within-Group Iterations:  5
Final Phi Norm:  1.7961700506040452e-10
Starting Group  4
Within-Group Iteration:  1
Norm:  0.15179852653395506
Within-Group Iteration:  2
Norm:  0.0017309436318247392
Within-Group Iteration:  3
Norm:  2.17668781068638e-06
Within-Group Iteration:  4
Norm:  2.7415610147947503e-09
Finished Group  4
Number of Within-Group Iterations:  5
Final Phi Norm:  2.7415610147947503e-09
Starting Group  5
Within-Group Iteration:  1
Norm:  0.15515254694345934
Within-Group Iteration:  2
Norm:  0.002754738174392165
Within-Group Iteration:  3
Norm:  9.177299680851148e-06
Within-Group Iteration:  4
Norm:  3.066508197924066e-08
Within-Group Iteration:  5
Norm:  1.0246323981877362e-10
Finished Group  5
Number of Within-Group Iterations:  6
Final Phi Norm:  1.0246323981877362e-10
Starting Group  6
Within-Group Iteration:  1
Norm:  0.12669401397365768
Within-Group Iteration:  2
Norm:  0.003726772492849309
Within-Group Iteration:  3
Norm:  2.027983937412221e-05
Within-Group Iteration:  4
Norm:  1.1040444184470186e-07
Within-Group Iteration:  5
Norm:  6.010483941982438e-10
Finished Group  6
Number of Within-Group Iterations:  6
Final Phi Norm:  6.010483941982438e-10
Calculating Upscatter Acceleration Term
GS Norm:  3.158737372716534e-06
Gauss-Seidel Iteration:  5
Starting Group  0
Within-Group Iteration:  1
Norm:  1.252221443080789
Within-Group Iteration:  2
Norm:  0.0002860267587213417
Within-Group Iteration:  3
Norm:  6.9079204930026385e-09
Finished Group  0
Number of Within-Group Iterations:  4
Final Phi Norm:  6.9079204930026385e-09
Starting Group  1
Within-Group Iteration:  1
Norm:  1.1314446838978682
Within-Group Iteration:  2
Norm:  0.0036460405139862066
Within-Group Iteration:  3
Norm:  3.815164532119558e-06
Within-Group Iteration:  4
Norm:  3.898694419498849e-09
Finished Group  1
Number of Within-Group Iterations:  5
Final Phi Norm:  3.898694419498849e-09
Starting Group  2
Within-Group Iteration:  1
Norm:  0.5243827552959965
Within-Group Iteration:  2
Norm:  0.006330388034970101
Within-Group Iteration:  3
Norm:  1.691744735503688e-06
Within-Group Iteration:  4
Norm:  2.599189486272056e-10
Finished Group  2
Number of Within-Group Iterations:  5
Final Phi Norm:  2.599189486272056e-10
Starting Group  3
Within-Group Iteration:  1
Norm:  0.26772266053316013
Within-Group Iteration:  2
Norm:  0.002259103490211693
Within-Group Iteration:  3
Norm:  6.083468374918629e-07
Within-Group Iteration:  4
Norm:  1.796181028420667e-10
Finished Group  3
Number of Within-Group Iterations:  5
Final Phi Norm:  1.796181028420667e-10
Starting Group  4
Within-Group Iteration:  1
Norm:  0.15180155561210806
Within-Group Iteration:  2
Norm:  0.0017309694374000116
Within-Group Iteration:  3
Norm:  2.177253279869139e-06
Within-Group Iteration:  4
Norm:  2.7429361913170025e-09
Finished Group  4
Number of Within-Group Iterations:  5
Final Phi Norm:  2.7429361913170025e-09
Starting Group  5
Within-Group Iteration:  1
Norm:  0.15514833428461378
Within-Group Iteration:  2
Norm:  0.0027552648763726987
Within-Group Iteration:  3
Norm:  9.181272877589288e-06
Within-Group Iteration:  4
Norm:  3.068546920862955e-08
Within-Group Iteration:  5
Norm:  1.0255583469037601e-10
Finished Group  5
Number of Within-Group Iterations:  6
Final Phi Norm:  1.0255583469037601e-10
Starting Group  6
Within-Group Iteration:  1
Norm:  0.12669221260144561
Within-Group Iteration:  2
Norm:  0.003726934227181941
Within-Group Iteration:  3
Norm:  2.0282426229373085e-05
Within-Group Iteration:  4
Norm:  1.1042754656287577e-07
Within-Group Iteration:  5
Norm:  6.012235163223015e-10
Finished Group  6
Number of Within-Group Iterations:  6
Final Phi Norm:  6.012235163223015e-10
Calculating Upscatter Acceleration Term
GS Norm:  1.3924840286543263e-07
PI Norm:  0.0003407432316716261
Power Iteration  3
Gauss-Seidel Iteration:  1
Starting Group  0
Within-Group Iteration:  1
Norm:  1.252221443080789
Within-Group Iteration:  2
Norm:  0.0002860267587213417
Within-Group Iteration:  3
Norm:  6.9079204930026385e-09
Finished Group  0
Number of Within-Group Iterations:  4
Final Phi Norm:  6.9079204930026385e-09
Starting Group  1
Within-Group Iteration:  1
Norm:  1.1314446838978682
Within-Group Iteration:  2
Norm:  0.0036460405139862066
Within-Group Iteration:  3
Norm:  3.815164532119558e-06
Within-Group Iteration:  4
Norm:  3.898694419498849e-09
Finished Group  1
Number of Within-Group Iterations:  5
Final Phi Norm:  3.898694419498849e-09
Starting Group  2
Within-Group Iteration:  1
Norm:  0.5243827552959965
Within-Group Iteration:  2
Norm:  0.006330388034970101
Within-Group Iteration:  3
Norm:  1.691744735503688e-06
Within-Group Iteration:  4
Norm:  2.599189486272056e-10
Finished Group  2
Number of Within-Group Iterations:  5
Final Phi Norm:  2.599189486272056e-10
Starting Group  3
Within-Group Iteration:  1
Norm:  0.26790718656040896
Within-Group Iteration:  2
Norm:  0.0022658950785647623
Within-Group Iteration:  3
Norm:  6.406502808436538e-07
Within-Group Iteration:  4
Norm:  1.9782863385446546e-10
Finished Group  3
Number of Within-Group Iterations:  5
Final Phi Norm:  1.9782863385446546e-10
Starting Group  4
Within-Group Iteration:  1
Norm:  0.14861786828886916
Within-Group Iteration:  2
Norm:  0.0019492446311889125
Within-Group Iteration:  3
Norm:  3.488340088549953e-06
Within-Group Iteration:  4
Norm:  6.239546148151859e-09
Finished Group  4
Number of Within-Group Iterations:  5
Final Phi Norm:  6.239546148151859e-09
Starting Group  5
Within-Group Iteration:  1
Norm:  0.14842359105374184
Within-Group Iteration:  2
Norm:  0.003331477930101764
Within-Group Iteration:  3
Norm:  1.7271639832424593e-05
Within-Group Iteration:  4
Norm:  8.948325473175795e-08
Within-Group Iteration:  5
Norm:  4.636105880158035e-10
Finished Group  5
Number of Within-Group Iterations:  6
Final Phi Norm:  4.636105880158035e-10
Starting Group  6
Within-Group Iteration:  1
Norm:  0.12329137622222061
Within-Group Iteration:  2
Norm:  0.004222301967369167
Within-Group Iteration:  3
Norm:  2.8508317426408623e-05
Within-Group Iteration:  4
Norm:  1.924108487186072e-07
Within-Group Iteration:  5
Norm:  1.2986480300067686e-09
Finished Group  6
Number of Within-Group Iterations:  6
Final Phi Norm:  1.2986480300067686e-09
Calculating Upscatter Acceleration Term
GS Norm:  6.428691228533596
Gauss-Seidel Iteration:  2
Starting Group  0
Within-Group Iteration:  1
Norm:  1.252221443080789
Within-Group Iteration:  2
Norm:  0.0002860267587213417
Within-Group Iteration:  3
Norm:  6.9079204930026385e-09
Finished Group  0
Number of Within-Group Iterations:  4
Final Phi Norm:  6.9079204930026385e-09
Starting Group  1
Within-Group Iteration:  1
Norm:  1.1314446838978682
Within-Group Iteration:  2
Norm:  0.0036460405139862066
Within-Group Iteration:  3
Norm:  3.815164532119558e-06
Within-Group Iteration:  4
Norm:  3.898694419498849e-09
Finished Group  1
Number of Within-Group Iterations:  5
Final Phi Norm:  3.898694419498849e-09
Starting Group  2
Within-Group Iteration:  1
Norm:  0.5243827552959965
Within-Group Iteration:  2
Norm:  0.006330388034970101
Within-Group Iteration:  3
Norm:  1.691744735503688e-06
Within-Group Iteration:  4
Norm:  2.599189486272056e-10
Finished Group  2
Number of Within-Group Iterations:  5
Final Phi Norm:  2.599189486272056e-10
Starting Group  3
Within-Group Iteration:  1
Norm:  0.26782791057433375
Within-Group Iteration:  2
Norm:  0.0022590850490961235
Within-Group Iteration:  3
Norm:  6.10071930320745e-07
Within-Group Iteration:  4
Norm:  1.8058570353519284e-10
Finished Group  3
Number of Within-Group Iterations:  5
Final Phi Norm:  1.8058570353519284e-10
Starting Group  4
Within-Group Iteration:  1
Norm:  0.15597443832036675
Within-Group Iteration:  2
Norm:  0.001720865915528125
Within-Group Iteration:  3
Norm:  2.1749475682753877e-06
Within-Group Iteration:  4
Norm:  2.752472485255086e-09
Finished Group  4
Number of Within-Group Iterations:  5
Final Phi Norm:  2.752472485255086e-09
Starting Group  5
Within-Group Iteration:  1
Norm:  0.16742680619515699
Within-Group Iteration:  2
Norm:  0.0025641257655466434
Within-Group Iteration:  3
Norm:  8.402750709927468e-06
Within-Group Iteration:  4
Norm:  2.7623865176540178e-08
Within-Group Iteration:  5
Norm:  9.08121185155466e-11
Finished Group  5
Number of Within-Group Iterations:  6
Final Phi Norm:  9.08121185155466e-11
Starting Group  6
Within-Group Iteration:  1
Norm:  0.1303934734033831
Within-Group Iteration:  2
Norm:  0.0036630862123846132
Within-Group Iteration:  3
Norm:  2.041098557341988e-05
Within-Group Iteration:  4
Norm:  1.1376306736304477e-07
Within-Group Iteration:  5
Norm:  6.340739474704953e-10
Finished Group  6
Number of Within-Group Iterations:  6
Final Phi Norm:  6.340739474704953e-10
Calculating Upscatter Acceleration Term
GS Norm:  0.002014953615064378
Gauss-Seidel Iteration:  3
Starting Group  0
Within-Group Iteration:  1
Norm:  1.252221443080789
Within-Group Iteration:  2
Norm:  0.0002860267587213417
Within-Group Iteration:  3
Norm:  6.9079204930026385e-09
Finished Group  0
Number of Within-Group Iterations:  4
Final Phi Norm:  6.9079204930026385e-09
Starting Group  1
Within-Group Iteration:  1
Norm:  1.1314446838978682
Within-Group Iteration:  2
Norm:  0.0036460405139862066
Within-Group Iteration:  3
Norm:  3.815164532119558e-06
Within-Group Iteration:  4
Norm:  3.898694419498849e-09
Finished Group  1
Number of Within-Group Iterations:  5
Final Phi Norm:  3.898694419498849e-09
Starting Group  2
Within-Group Iteration:  1
Norm:  0.5243827552959965
Within-Group Iteration:  2
Norm:  0.006330388034970101
Within-Group Iteration:  3
Norm:  1.691744735503688e-06
Within-Group Iteration:  4
Norm:  2.599189486272056e-10
Finished Group  2
Number of Within-Group Iterations:  5
Final Phi Norm:  2.599189486272056e-10
Starting Group  3
Within-Group Iteration:  1
Norm:  0.2677206875837897
Within-Group Iteration:  2
Norm:  0.002259065170248211
Within-Group Iteration:  3
Norm:  6.081383749195373e-07
Within-Group Iteration:  4
Norm:  1.7950270669906388e-10
Finished Group  3
Number of Within-Group Iterations:  5
Final Phi Norm:  1.7950270669906388e-10
Starting Group  4
Within-Group Iteration:  1
Norm:  0.15175645370700666
Within-Group Iteration:  2
Norm:  0.001728499170885013
Within-Group Iteration:  3
Norm:  2.1644085110927667e-06
Within-Group Iteration:  4
Norm:  2.7145620645445425e-09
Finished Group  4
Number of Within-Group Iterations:  5
Final Phi Norm:  2.7145620645445425e-09
Starting Group  5
Within-Group Iteration:  1
Norm:  0.1547419872018888
Within-Group Iteration:  2
Norm:  0.002759909484277027
Within-Group Iteration:  3
Norm:  9.146971450328014e-06
Within-Group Iteration:  4
Norm:  3.0404211472895646e-08
Within-Group Iteration:  5
Norm:  1.010615015689217e-10
Finished Group  5
Number of Within-Group Iterations:  6
Final Phi Norm:  1.010615015689217e-10
Starting Group  6
Within-Group Iteration:  1
Norm:  0.1265668601616843
Within-Group Iteration:  2
Norm:  0.0037288418627877736
Within-Group Iteration:  3
Norm:  2.0283265701199387e-05
Within-Group Iteration:  4
Norm:  1.1037718982802424e-07
Within-Group Iteration:  5
Norm:  6.006510020363445e-10
Finished Group  6
Number of Within-Group Iterations:  6
Final Phi Norm:  6.006510020363445e-10
Calculating Upscatter Acceleration Term
GS Norm:  8.956824882167162e-05
Gauss-Seidel Iteration:  4
Starting Group  0
Within-Group Iteration:  1
Norm:  1.252221443080789
Within-Group Iteration:  2
Norm:  0.0002860267587213417
Within-Group Iteration:  3
Norm:  6.9079204930026385e-09
Finished Group  0
Number of Within-Group Iterations:  4
Final Phi Norm:  6.9079204930026385e-09
Starting Group  1
Within-Group Iteration:  1
Norm:  1.1314446838978682
Within-Group Iteration:  2
Norm:  0.0036460405139862066
Within-Group Iteration:  3
Norm:  3.815164532119558e-06
Within-Group Iteration:  4
Norm:  3.898694419498849e-09
Finished Group  1
Number of Within-Group Iterations:  5
Final Phi Norm:  3.898694419498849e-09
Starting Group  2
Within-Group Iteration:  1
Norm:  0.5243827552959965
Within-Group Iteration:  2
Norm:  0.006330388034970101
Within-Group Iteration:  3
Norm:  1.691744735503688e-06
Within-Group Iteration:  4
Norm:  2.599189486272056e-10
Finished Group  2
Number of Within-Group Iterations:  5
Final Phi Norm:  2.599189486272056e-10
Starting Group  3
Within-Group Iteration:  1
Norm:  0.26772287203235046
Within-Group Iteration:  2
Norm:  0.00225910441592693
Within-Group Iteration:  3
Norm:  6.083449970287468e-07
Within-Group Iteration:  4
Norm:  1.7961691141659385e-10
Finished Group  3
Number of Within-Group Iterations:  5
Final Phi Norm:  1.7961691141659385e-10
Starting Group  4
Within-Group Iteration:  1
Norm:  0.15179852659061188
Within-Group Iteration:  2
Norm:  0.0017309436315649709
Within-Group Iteration:  3
Norm:  2.176687811367644e-06
Within-Group Iteration:  4
Norm:  2.741560853072625e-09
Finished Group  4
Number of Within-Group Iterations:  5
Final Phi Norm:  2.741560853072625e-09
Starting Group  5
Within-Group Iteration:  1
Norm:  0.1551525470527176
Within-Group Iteration:  2
Norm:  0.0027547381773993878
Within-Group Iteration:  3
Norm:  9.177299719739847e-06
Within-Group Iteration:  4
Norm:  3.0665082099208975e-08
Within-Group Iteration:  5
Norm:  1.0246371038193071e-10
Finished Group  5
Number of Within-Group Iterations:  6
Final Phi Norm:  1.0246371038193071e-10
Starting Group  6
Within-Group Iteration:  1
Norm:  0.126694014018593
Within-Group Iteration:  2
Norm:  0.003726772494447647
Within-Group Iteration:  3
Norm:  2.027983940459795e-05
Within-Group Iteration:  4
Norm:  1.1040444199580317e-07
Within-Group Iteration:  5
Norm:  6.010483017103583e-10
Finished Group  6
Number of Within-Group Iterations:  6
Final Phi Norm:  6.010483017103583e-10
Calculating Upscatter Acceleration Term
GS Norm:  3.1587235285711634e-06
Gauss-Seidel Iteration:  5
Starting Group  0
Within-Group Iteration:  1
Norm:  1.252221443080789
Within-Group Iteration:  2
Norm:  0.0002860267587213417
Within-Group Iteration:  3
Norm:  6.9079204930026385e-09
Finished Group  0
Number of Within-Group Iterations:  4
Final Phi Norm:  6.9079204930026385e-09
Starting Group  1
Within-Group Iteration:  1
Norm:  1.1314446838978682
Within-Group Iteration:  2
Norm:  0.0036460405139862066
Within-Group Iteration:  3
Norm:  3.815164532119558e-06
Within-Group Iteration:  4
Norm:  3.898694419498849e-09
Finished Group  1
Number of Within-Group Iterations:  5
Final Phi Norm:  3.898694419498849e-09
Starting Group  2
Within-Group Iteration:  1
Norm:  0.5243827552959965
Within-Group Iteration:  2
Norm:  0.006330388034970101
Within-Group Iteration:  3
Norm:  1.691744735503688e-06
Within-Group Iteration:  4
Norm:  2.599189486272056e-10
Finished Group  2
Number of Within-Group Iterations:  5
Final Phi Norm:  2.599189486272056e-10
Starting Group  3
Within-Group Iteration:  1
Norm:  0.2677226605327997
Within-Group Iteration:  2
Norm:  0.002259103490208879
Within-Group Iteration:  3
Norm:  6.083468374442315e-07
Within-Group Iteration:  4
Norm:  1.7961796237292383e-10
Finished Group  3
Number of Within-Group Iterations:  5
Final Phi Norm:  1.7961796237292383e-10
Starting Group  4
Within-Group Iteration:  1
Norm:  0.15180155560868927
Within-Group Iteration:  2
Norm:  0.0017309694374161042
Within-Group Iteration:  3
Norm:  2.1772532798234485e-06
Within-Group Iteration:  4
Norm:  2.742936191259439e-09
Finished Group  4
Number of Within-Group Iterations:  5
Final Phi Norm:  2.742936191259439e-09
Starting Group  5
Within-Group Iteration:  1
Norm:  0.15514833427492136
Within-Group Iteration:  2
Norm:  0.0027552648764099233
Within-Group Iteration:  3
Norm:  9.18127287759497e-06
Within-Group Iteration:  4
Norm:  3.0685469112666453e-08
Within-Group Iteration:  5
Norm:  1.0255564649378693e-10
Finished Group  5
Number of Within-Group Iterations:  6
Final Phi Norm:  1.0255564649378693e-10
Starting Group  6
Within-Group Iteration:  1
Norm:  0.12669221259735686
Within-Group Iteration:  2
Norm:  0.0037269342271516546
Within-Group Iteration:  3
Norm:  2.0282426228836263e-05
Within-Group Iteration:  4
Norm:  1.1042754674455449e-07
Within-Group Iteration:  5
Norm:  6.012234234948892e-10
Finished Group  6
Number of Within-Group Iterations:  6
Final Phi Norm:  6.012234234948892e-10
Calculating Upscatter Acceleration Term
GS Norm:  1.3924819802072082e-07
PI Norm:  2.1699557913058323e-09
Runtime: 25500.73939 seconds
Eigenvalue:  0.13461321372013846
